<?xml version="1.0" encoding="UTF-8"?>
<!-- Generated by org.testng.reporters.JUnitXMLReporter -->
<testsuite ignored="4" hostname="Manikandan" failures="0" tests="1" name="Default test" time="9.027" errors="0" timestamp="2025-12-21T22:22:23 IST">
  <testcase classname="rahulShetty.GoogleMaps" name="AddAPI" time="8.908"/>
  <testcase classname="rahulShetty.GoogleMaps" name="GetChangedAPI" time="0.0">
    <ignored/>
  </testcase> <!-- GetChangedAPI -->
  <testcase classname="rahulShetty.GoogleMaps" name="GetAPI" time="0.0">
    <ignored/>
  </testcase> <!-- GetAPI -->
  <testcase classname="rahulShetty.GoogleMaps" name="DeleteAPI" time="0.0">
    <ignored/>
  </testcase> <!-- DeleteAPI -->
  <testcase classname="rahulShetty.GoogleMaps" name="PutAPI" time="0.0">
    <ignored/>
  </testcase> <!-- PutAPI -->
</testsuite> <!-- Default test -->
