<?xml version="1.0" encoding="UTF-8"?>
<testng-results ignored="0" total="1" passed="1" failed="0" skipped="0">
  <reporter-output>
  </reporter-output>
  <suite started-at="2025-12-21T22:22:14 IST" name="Default suite" finished-at="2025-12-21T22:22:23 IST" duration-ms="9027">
    <groups>
    </groups>
    <test started-at="2025-12-21T22:22:14 IST" name="Default test" finished-at="2025-12-21T22:22:23 IST" duration-ms="9027">
      <class name="rahulShetty.GoogleMaps">
        <test-method signature="AddAPI()[pri:0, instance:rahulShetty.GoogleMaps@16293aa2]" started-at="2025-12-21T22:22:14 IST" name="AddAPI" finished-at="2025-12-21T22:22:23 IST" duration-ms="8908" status="PASS">
          <reporter-output>
          </reporter-output>
        </test-method> <!-- AddAPI -->
      </class> <!-- rahulShetty.GoogleMaps -->
    </test> <!-- Default test -->
  </suite> <!-- Default suite -->
</testng-results>
