<?xml version="1.0" encoding="UTF-8"?>
<!-- Generated by org.testng.reporters.JUnitReportReporter -->
<testsuite hostname="Manikandan" failures="0" tests="2" name="rahulShetty.AuthorizatioServer" time="16.836" errors="0" timestamp="2025-12-21T16:03:54 IST" skipped="0">
  <testcase classname="rahulShetty.AuthorizatioServer" name="getToken" time="15.560"/>
  <testcase classname="rahulShetty.AuthorizatioServer" name="getCourseDetails" time="1.276"/>
</testsuite> <!-- rahulShetty.AuthorizatioServer -->
