<?xml version="1.0" encoding="UTF-8"?>
<!-- Generated by org.testng.reporters.JUnitReportReporter -->
<testsuite hostname="Manikandan" failures="0" tests="4" name="rahulShetty.GoogleMaps" time="8.908" errors="0" timestamp="2025-12-21T22:22:24 IST" skipped="3">
  <testcase classname="rahulShetty.GoogleMaps" name="AddAPI" time="8.908"/>
  <testcase classname="rahulShetty.GoogleMaps" name="GetChangedAPI">
    <skipped/>
  </testcase> <!-- GetChangedAPI -->
  <testcase classname="rahulShetty.GoogleMaps" name="GetAPI">
    <skipped/>
  </testcase> <!-- GetAPI -->
  <testcase classname="rahulShetty.GoogleMaps" name="PutAPI">
    <skipped/>
  </testcase> <!-- PutAPI -->
</testsuite> <!-- rahulShetty.GoogleMaps -->
